[修改日志]
2024/05/20
1. 在升级前 collect.sh 中增加创建测试表的动作，移除升级过程中的 DDL，测试表的删除需要在升级完成后删除工具和备份目录时进行
2. 增加跳过对比表数据量的参数 SKIPCHECK
3. 增加对应 LSN 和 HASQL ID 允许的差值范围
4. 调整备份目录日期为参数，不再获取当前日期

2024/06/13
1. 调整 collect.sh 中收集信息的部分，此部分后移到创建测试表之后，避免创建的测试表信息在 check.sh 导致实例组和表数量校验不通过

2024/06/14
1. 发现某些版本(3.4.8)的 sql 的 uninstall.dat 文件因为权限不足无法使用安装用户如 sdbadmin 备份，现在 upgrade_backup.sh 支持以 sdbadmin 或 root 用户执行
2. check.sh 支持实例组中只存在一个实例。实例组中只有单实例时，只会进行基本 CRUD 测试；如果实例组中有多个实例，会额外进行同步测试

2024/06/25
1.修复查询 HASQLLog 表没有排序的问题
2.在 collect.sh 创建测试表后等待一段时间，避免语句未完成回放

2024/07/19
1. upgrade_install.sh 脚本在升级前会检查 sdb 和 sql 当前运行版本号和安装包的 md5，如果 md5 相同，会跳过升级，脚本具有幂等性

2024/07/24
1. rollback_install.sh 脚本在回退前会检查 sdb 和 sql 当前运行版本号和安装包的 md5，如果 md5 相同，会跳过回退，脚本具有幂等性
2. stop.sh 会检查机器的 sequoiasql 数量，多个 sql 会报错
3. stop.sh 会检查机器的 /etc/default/sequoiasql-[mysql|mariadb] 和 /etc/default/sequoiadb 中的 INSTALL_DIR 和 VERSION
    - INSTALL_DIR 末尾不能有 '/'
    - sql 的 VERSION 不能为空
4. upgrade_backup.sh 以 root 用户运行时，可以修复上面第三点 stop.sh 检查出来的错误，此修改是永久的
5. collect.sh 中增加了索引数量的统计
6. 调整了一些打屏信息的格式
7. 修复了安装了 sql 但没有使用实例组情况下工具不可用的 bug

2024/08/02
1. 新增 change_service.sh 脚本，可修改 sdbcm 系统服务超时时间

2024/08/07
1. 修复 change_service.sh 脚本 bug
2. 修改 start.sh 中超时时间为 1300s ，与 sdbcm 一致

2024/08/23
1. 调整 check.sh 中执行的 sql 语句中的 " 为 '，以适配 sql_mode 包含 ANSI_QUOTES 的情况

2024/09/02
1. config.js 中新增 KEEPSDBCMCONF 参数，可指定升级后是设置 AutoStart 为 true，还是保持升级前的配置
2. collect.sh 中新增升级前修改 sdbcm.conf 的 AutoStart 值为 false
3. check.sh 中新增升级后修改 sdbcm.conf 的 AutoStart 值为 true 或恢复升级前的配置

2024/10/29
1. start.sh 中等待节点启动的超时时间现在可以从 config.js 中配置
2. upgrade_install.sh 中增加了对 umask 的检查，如果不是 0022，会修改为 0022 后再升级
